OpenCV: FFMPEG: tag 0x47504a4d/'MJPG' is not supported with codec id 7 and format 'mp4 / MP4 (MPEG-4 Part 14)'
OpenCV: FFMPEG: fallback to use tag 0x7634706d/'mp4v'
apex is not installed
apex is not installed
apex is not installed
load checkpoint from http path: https://download.openmmlab.com/mmdetection/v2.0/yolox/yolox_tiny_8x8_300e_coco/yolox_tiny_8x8_300e_coco_20211124_171234-b4047906.pth
load checkpoint from http path: https://download.openmmlab.com/mmdetection/v2.0/yolox/yolox_s_8x8_300e_coco/yolox_s_8x8_300e_coco_20211121_095711-4592a793.pth
load checkpoint from http path: https://download.openmmlab.com/mmdetection/v2.0/yolox/yolox_l_8x8_300e_coco/yolox_l_8x8_300e_coco_20211126_140236-d3bd2b23.pth
load checkpoint from http path: https://download.openmmlab.com/mmdetection/v2.0/yolox/yolox_x_8x8_300e_coco/yolox_x_8x8_300e_coco_20211126_140254-1ef88d67.pth
load checkpoint from http path: https://download.openmmlab.com/mmdetection/v2.0/swin/mask_rcnn_swin-t-p4-w7_fpn_fp16_ms-crop-3x_coco/mask_rcnn_swin-t-p4-w7_fpn_fp16_ms-crop-3x_coco_20210908_165006-90a4008c.pth
load checkpoint from http path: https://download.openmmlab.com/mmdetection/v2.0/swin/mask_rcnn_swin-s-p4-w7_fpn_fp16_ms-crop-3x_coco/mask_rcnn_swin-s-p4-w7_fpn_fp16_ms-crop-3x_coco_20210903_104808-b92c91f1.pth
load checkpoint from http path: https://download.openmmlab.com/mmdetection/v2.0/yolox/yolox_l_8x8_300e_coco/yolox_l_8x8_300e_coco_20211126_140236-d3bd2b23.pth
load checkpoint from local path: /home/adithyas/ViTPose/models/vitpose-h-multi-coco.pth
Time for frame: 0.5974736213684082
Time for frame: 0.6687805652618408
Time for frame: 0.4121103286743164
Time for frame: 0.4721238613128662
Time for frame: 0.3820624351501465
Time for frame: 0.40509557723999023
Time for frame: 0.3723297119140625
Time for frame: 0.3999805450439453
Time for frame: 0.38274073600769043
Time for frame: 0.36920809745788574
Time for frame: 0.37497878074645996
Time for frame: 0.4054219722747803
Time for frame: 0.39433956146240234
Time for frame: 0.3685445785522461
Time for frame: 0.37522149085998535
Time for frame: 0.4218597412109375
Time for frame: 0.3972749710083008
Time for frame: 0.8904175758361816
Time for frame: 0.43981146812438965
Time for frame: 0.40380048751831055
Time for frame: 0.3823556900024414
Time for frame: 0.4104502201080322
Time for frame: 0.40109992027282715
Time for frame: 0.40658140182495117
Time for frame: 0.3852722644805908
Time for frame: 0.3797283172607422
Time for frame: 0.3879966735839844
Time for frame: 0.41814446449279785
Time for frame: 0.40842723846435547
Time for frame: 0.4001336097717285
Time for frame: 0.38196754455566406
Time for frame: 0.39287734031677246
Time for frame: 0.6710717678070068
Time for frame: 0.39705824851989746
Time for frame: 0.3985097408294678
Time for frame: 0.4221177101135254
Time for frame: 0.40706801414489746
Time for frame: 0.3976120948791504
Time for frame: 0.38750362396240234
Time for frame: 0.38608527183532715
Time for frame: 0.404355525970459
Time for frame: 0.38950634002685547
Time for frame: 0.3983957767486572
Time for frame: 0.40004682540893555
Time for frame: 0.4126429557800293
Time for frame: 0.39669036865234375
Time for frame: 0.40231847763061523
Time for frame: 0.4017808437347412
Time for frame: 0.40991926193237305
Time for frame: 0.39824581146240234
Time for frame: 0.38598012924194336
Time for frame: 0.4022796154022217
Time for frame: 0.387190580368042
Time for frame: 0.38062429428100586
Time for frame: 0.36611223220825195
Time for frame: 0.35226011276245117
Time for frame: 0.3789641857147217
Time for frame: 0.36771059036254883
Time for frame: 0.37151479721069336
Time for frame: 0.38819313049316406
Time for frame: 0.38343334197998047
Time for frame: 0.38700413703918457
Time for frame: 0.3881535530090332
Time for frame: 0.5683469772338867
Time for frame: 0.3801271915435791
Time for frame: 0.37821221351623535
Time for frame: 0.3737342357635498
Time for frame: 0.3680884838104248
Time for frame: 0.372969388961792
Time for frame: 0.39374423027038574
Time for frame: 0.397996187210083
Time for frame: 0.41028690338134766
Time for frame: 0.39325881004333496
Time for frame: 0.39003968238830566
Time for frame: 0.3959834575653076
Time for frame: 0.38577699661254883
Time for frame: 0.3729212284088135
Time for frame: 0.3761920928955078
Time for frame: 0.36087703704833984
Time for frame: 0.3632211685180664
Time for frame: 0.36580586433410645
Time for frame: 0.38939976692199707
Time for frame: 0.35172581672668457
Time for frame: 0.3664824962615967
Time for frame: 0.4020068645477295
Time for frame: 0.385387659072876
Time for frame: 0.38934850692749023
Time for frame: 0.3733558654785156
Time for frame: 0.3689100742340088
Time for frame: 0.37549781799316406
Time for frame: 0.3736250400543213
Time for frame: 0.38202714920043945
Time for frame: 0.3749513626098633
Time for frame: 0.3713953495025635
Time for frame: 0.3762478828430176
Time for frame: 0.540027379989624
Time for frame: 0.3833041191101074
Time for frame: 0.378115177154541
Time for frame: 0.3610410690307617
Time for frame: 0.3770594596862793
Time for frame: 0.39635610580444336
Time for frame: 0.4208660125732422
Time for frame: 0.37154388427734375
Time for frame: 0.4075913429260254
Time for frame: 0.38923192024230957
Time for frame: 0.3973062038421631
Time for frame: 0.3865945339202881
Time for frame: 0.3969078063964844
Time for frame: 0.3890955448150635
Time for frame: 0.40363430976867676
Time for frame: 0.41618919372558594
Time for frame: 0.3808400630950928
Time for frame: 0.3779332637786865
Time for frame: 0.39537739753723145
Time for frame: 0.4256126880645752
Time for frame: 0.3657660484313965
Time for frame: 0.3735673427581787
Time for frame: 0.3654184341430664
Time for frame: 0.3899269104003906
Time for frame: 0.38548827171325684
Time for frame: 0.40425968170166016
Time for frame: 0.3856692314147949
Time for frame: 0.3847229480743408
Time for frame: 0.37681078910827637
Time for frame: 0.3981952667236328
Time for frame: 0.40976691246032715
Time for frame: 0.39154577255249023
Time for frame: 0.6725161075592041
Time for frame: 0.39252257347106934
Time for frame: 0.3741922378540039
Time for frame: 0.39154052734375
Time for frame: 0.3751099109649658
Time for frame: 0.39162468910217285
Time for frame: 0.38591766357421875
Time for frame: 0.4044361114501953
Time for frame: 0.4153451919555664
Time for frame: 0.392822265625
Time for frame: 0.4017353057861328
Time for frame: 0.4007110595703125
Time for frame: 0.40877270698547363
Time for frame: 0.39257335662841797
Time for frame: 0.3789637088775635
Time for frame: 0.3801870346069336
Time for frame: 0.3773829936981201
Time for frame: 0.3759033679962158
Time for frame: 0.37699460983276367
Time for frame: 0.3853931427001953
Time for frame: 0.4078083038330078
Time for frame: 0.39574408531188965
Time for frame: 0.4030740261077881
Time for frame: 0.39938950538635254
Time for frame: 0.41121864318847656
Time for frame: 0.4051046371459961
Time for frame: 0.38731980323791504
Time for frame: 0.39299607276916504
Time for frame: 0.3914639949798584
Time for frame: 0.40277910232543945
Time for frame: 0.4109206199645996
Time for frame: 0.3903021812438965
Time for frame: 0.6845593452453613
Time for frame: 0.3932778835296631
Time for frame: 0.37955331802368164
Time for frame: 0.37720537185668945
Time for frame: 0.38410139083862305
Time for frame: 0.41336965560913086
Time for frame: 0.40297412872314453
Time for frame: 0.3997504711151123
Time for frame: 0.40727972984313965
Time for frame: 0.44605112075805664
Time for frame: 0.43193531036376953
Time for frame: 0.3975651264190674
Time for frame: 0.3825364112854004
Time for frame: 0.36455821990966797
Time for frame: 0.39870452880859375
Time for frame: 0.40570950508117676
Time for frame: 0.39966654777526855
Time for frame: 0.3860507011413574
Time for frame: 0.375673770904541
Time for frame: 0.38391613960266113
Time for frame: 0.3788723945617676
Time for frame: 0.39768338203430176
Time for frame: 0.3907895088195801
Time for frame: 0.39048027992248535
Time for frame: 0.4121098518371582
Time for frame: 0.40166664123535156
Time for frame: 0.38695836067199707
Time for frame: 0.37000012397766113
Time for frame: 0.3845663070678711
Time for frame: 0.3872971534729004
Time for frame: 0.35733795166015625
Time for frame: 0.4085414409637451
Time for frame: 0.6336150169372559
